e:\bingo\bingo\debug\vc140.pdb
e:\bingo\bingo\debug\vc140.idb
e:\bingo\bingo\debug\cards.obj
e:\bingo\bingo\debug\source.obj
e:\github\bingo\bingo\debug\vc140.pdb
e:\github\bingo\bingo\debug\vc140.idb
e:\github\bingo\bingo\debug\source.obj
e:\github\bingo\bingo\debug\cards.obj
e:\bingo\debug\bingo.ilk
e:\bingo\debug\bingo.exe
e:\bingo\debug\bingo.pdb
e:\github\bingo\debug\bingo.ilk
e:\github\bingo\debug\bingo.exe
e:\github\bingo\debug\bingo.pdb
e:\github\bingo\bingo\debug\bingo.tlog\cl.command.1.tlog
e:\github\bingo\bingo\debug\bingo.tlog\cl.read.1.tlog
e:\github\bingo\bingo\debug\bingo.tlog\cl.write.1.tlog
e:\github\bingo\bingo\debug\bingo.tlog\link.command.1.tlog
e:\github\bingo\bingo\debug\bingo.tlog\link.read.1.tlog
e:\github\bingo\bingo\debug\bingo.tlog\link.write.1.tlog
